

<!DOCTYPE html>
<html>
<head>
<meta charset="UTF-8">
<meta name="viewport" content="width=device-width, initial-scale=1, shrink-to-fit=no">
<title></title>
<link rel="apple-touch-icon" href="https://cdn.jsdelivr.net/gh/extent-framework/extent-github-cdn@b00a2d0486596e73dd7326beacf352c639623a0e/commons/img/logo.png">
<link rel="shortcut icon" href="https://cdn.jsdelivr.net/gh/extent-framework/extent-github-cdn@b00a2d0486596e73dd7326beacf352c639623a0e/commons/img/logo.png">
<link href="https://cdn.jsdelivr.net/gh/extent-framework/extent-github-cdn@d6562a79075e061305ccfdb82f01e5e195e2d307/spark/css/spark-style.css" rel="stylesheet" />
<link href="https://stackpath.bootstrapcdn.com/font-awesome/4.7.0/css/font-awesome.min.css" rel="stylesheet">
<script src="https://cdn.jsdelivr.net/gh/extent-framework/extent-github-cdn@7cc78ce/spark/js/jsontree.js"></script>
<style type="text/css"></style></head><body class="spa bdd-report standard">
  <div class="app">
    <div class="layout">
<div class="header navbar">
<div class="vheader">
<div class="nav-logo">
<a href="#">
<div class="logo" style="background-image: url('https://cdn.jsdelivr.net/gh/extent-framework/extent-github-cdn@b00a2d0486596e73dd7326beacf352c639623a0e/commons/img/logo.png')"></div>
</a>
</div>
<ul class="nav-left">
<li class="search-box">
<a class="search-toggle" href="#">
<i class="search-icon fa fa-search"></i>
<i class="search-icon-close fa fa-close"></i>
</a>
</li>
<li class="search-input"><input id="search-tests" class="form-control" type="text" placeholder="Search..."></li>
</ul>
<ul class="nav-right">
<li class="m-r-10">
<a href="#"><span class="badge badge-primary"></span></a>
</li>
<li class="m-r-10">
<a href="#"><span class="badge badge-primary">Apr 26, 2025 07:35:35 am</span></a>
</li>
</ul>
</div>
</div><div class="side-nav">
<div class="side-nav-inner">
<ul class="side-nav-menu">
<li class="nav-item dropdown" onclick="toggleView('test-view')">
<a id="nav-test" class="dropdown-toggle" href="#">
<span class="ico"><i class="fa fa-list"></i></span>
</a>
</li>
<li class="nav-item dropdown" onclick="toggleView('exception-view')">
<a id="nav-exception" class="dropdown-toggle" href="#">
<span class="ico"><i class="fa fa-bug"></i></span>
</a>
</li>
<li class="nav-item dropdown" onclick="toggleView('dashboard-view')">
<a id="nav-dashboard" class="dropdown-toggle" href="#">
<span class="ico"><i class="fa fa-bar-chart"></i></span>
</a>
</li>
</ul>
</div>
</div>      <div class="vcontainer">
        <div class="main-content">
<div class="test-wrapper row view test-view">
  <div class="test-list">
    <div class="test-list-tools">
<ul class="tools pull-left">
<li><a href="#"><span class="font-size-14">Tests</span></a></li>
</ul>
<ul class="tools text-right">
<li class="dropdown">
<a href="#" class="dropdown-toggle" data-toggle="dropdown"><i class="fa fa-exclamation-circle"></i></a>
<ul id="status-toggle" class="dropdown-menu dropdown-md p-v-0">
<a class="dropdown-item" status="fail" href="#"><span>Fail</span><span class="status danger"></span></a>
<div class="dropdown-divider"></div>
<a status="clear" class="dropdown-item" href="#"><span>Clear</span><span class="pull-right"><i class="fa fa-close"></i></span></a>
</ul>
</li>
</ul>
</div>    <div class="test-list-wrapper scrollable">
      <ul class="test-list-item">
        <li class="test-item"  status="fail" test-id="1"
          author=""
          tag=""
          device="">
          <div class="test-detail">
            <p class="name">Validate the Account details functionality</p>
            <p class="text-sm">
              <span>7:35:40 am</span> / <span>00:00:28:935</span>
              <span class="badge fail-bg log float-right">Fail</span>
            </p>
          </div>
          <div class="test-contents d-none">
<div class="detail-head">
<div class="p-v-10">
<div class="info">
<h5 class="test-status text-fail">Validate the Account details functionality</h5>
<span class='badge badge-success'>04.26.2025 7:35:40 am</span>
<span class='badge badge-danger'>04.26.2025 7:36:09 am</span>
<span class='badge badge-default'>00:00:28:935</span>
&middot; <span class='uri-anchor badge badge-default'>#test-id=1</span>
<span class='badge badge-default pointer float-right ml-1 et'><i class="fa fa-chevron-down"></i></span>
<span class='badge badge-default pointer float-right ct'><i class="fa fa-chevron-up"></i></span>
</div>
<div class="m-t-10 m-l-5"></div>
</div>
</div>
<div class="accordion mt-4">
  <div class="card">
    <div class="card-header" role="tab">
      <div class="card-title">
        <div class="node" id="2"><span class="badge log fail-bg mr-2">Fail</span>Validate the deposit functionality of account details</div>
      </div>
    </div>
        <div class="">
          <div class="card-body">
              <div class="step pass-bg" title="StepDefinition.StepDefinitionClass.user_launch_the_application()">
                <span>Given User launch the application</span>
      <div>
      </div>
              </div>
              <div class="step fail-bg" title="StepDefinition.StepDefinitionClass.user_clicks_on_the_account_details_link()">
                <span>And User clicks on the Account details link</span>
      <div>
        <textarea disabled class="code-block">java.lang.NullPointerException: Cannot invoke "org.openqa.selenium.SearchContext.findElement(org.openqa.selenium.By)" because "this.searchContext" is null
	at org.openqa.selenium.support.pagefactory.DefaultElementLocator.findElement(DefaultElementLocator.java:68)
	at org.openqa.selenium.support.pagefactory.internal.LocatingElementHandler.invoke(LocatingElementHandler.java:38)
	at jdk.proxy2/jdk.proxy2.$Proxy22.click(Unknown Source)
	at PageObjects.AccountDetailsPage.accountpage(AccountDetailsPage.java:66)
	at StepDefinition.StepDefinitionClass.user_clicks_on_the_account_details_link(StepDefinitionClass.java:265)
	at ✽.User clicks on the Account details link(file:///G:/Automation%20Testing/GroTechMind/RealTime_BankingPoject/src/test/java/FeatureFiles/AccountDetails.feature:5)
</textarea>
      
      </div>
              </div>
              <div class="step skip-bg" title="StepDefinition.StepDefinitionClass.user_selects_the_name_from_dropdown()">
                <span>And User selects the name from dropdown</span>
      <div>Step skipped
      </div>
              </div>
              <div class="step skip-bg" title="StepDefinition.StepDefinitionClass.user_clicks_on_the_login_button()">
                <span>And User clicks on the login button</span>
      <div>Step skipped
      </div>
              </div>
              <div class="step skip-bg" title="StepDefinition.StepDefinitionClass.user_verifies_the_welcome_label()">
                <span>When User verifies the welcome label</span>
      <div>Step skipped
      </div>
              </div>
              <div class="step skip-bg" title="StepDefinition.StepDefinitionClass.user_selects_the_account_number()">
                <span>And User selects the Account number</span>
      <div>Step skipped
      </div>
              </div>
              <div class="step skip-bg" title="StepDefinition.StepDefinitionClass.user_clicks_on_the_deposit_option()">
                <span>And User clicks on the deposit option</span>
      <div>Step skipped
      </div>
              </div>
              <div class="step skip-bg" title="StepDefinition.StepDefinitionClass.user_enters_the_deposit_amount_in_the_amount_field(java.lang.String)">
                <span>And User enters the deposit amount in the amount field "<DepositAmount>"</span>
      <div>Step skipped
      </div>
              </div>
              <div class="step skip-bg" title="StepDefinition.StepDefinitionClass.user_clicks_on_the_deposit_button()">
                <span>And User clicks on the Deposit button</span>
      <div>Step skipped
      </div>
              </div>
              <div class="step skip-bg" title="StepDefinition.StepDefinitionClass.validate_the_correct_balance()">
                <span>And Validate the correct balance</span>
      <div>Step skipped
      </div>
              </div>
          </div>
        </div>
  </div>
  <div class="card">
    <div class="card-header" role="tab">
      <div class="card-title">
        <div class="node" id="15"><span class="badge log fail-bg mr-2">Fail</span>Validate the withdrawl functionality of account details</div>
      </div>
    </div>
        <div class="scenario_outline ">
            <div class="card-body l1">
              <div class="card-header">
                <div class="card-title outline-child">
                  <div class="node" id="16"><span class="badge log fail-bg mr-2">Fail</span>Validate the withdrawl functionality of account details</div>
                </div>
              </div>
              <div class="card-body mt-3 ">
                  <div class="step pass-bg">
                    <span>Given User launch the application</span>
      <div>
      </div>
                  </div>
                  <div class="step fail-bg">
                    <span>And User clicks on the Account details link</span>
      <div>
        <textarea disabled class="code-block">java.lang.NullPointerException: Cannot invoke "org.openqa.selenium.SearchContext.findElement(org.openqa.selenium.By)" because "this.searchContext" is null
	at org.openqa.selenium.support.pagefactory.DefaultElementLocator.findElement(DefaultElementLocator.java:68)
	at org.openqa.selenium.support.pagefactory.internal.LocatingElementHandler.invoke(LocatingElementHandler.java:38)
	at jdk.proxy2/jdk.proxy2.$Proxy22.click(Unknown Source)
	at PageObjects.AccountDetailsPage.accountpage(AccountDetailsPage.java:66)
	at StepDefinition.StepDefinitionClass.user_clicks_on_the_account_details_link(StepDefinitionClass.java:265)
	at ✽.User clicks on the Account details link(file:///G:/Automation%20Testing/GroTechMind/RealTime_BankingPoject/src/test/java/FeatureFiles/AccountDetails.feature:5)
</textarea>
      
      </div>
                  </div>
                  <div class="step skip-bg">
                    <span>And User selects the name from dropdown</span>
      <div>Step skipped
      </div>
                  </div>
                  <div class="step skip-bg">
                    <span>And User clicks on the login button</span>
      <div>Step skipped
      </div>
                  </div>
                  <div class="step skip-bg">
                    <span>When User verifies the welcome label</span>
      <div>Step skipped
      </div>
                  </div>
                  <div class="step skip-bg">
                    <span>And User selects the Account number</span>
      <div>Step skipped
      </div>
                  </div>
                  <div class="step skip-bg">
                    <span>And User clicks on the Withdrawl option</span>
      <div>Step skipped
      </div>
                  </div>
                  <div class="step skip-bg">
                    <span>And User enters the withdrawl amount in the amount field "2000"</span>
      <div>Step skipped
      </div>
                  </div>
                  <div class="step skip-bg">
                    <span>And User clicks on the Withdrawl button</span>
      <div>Step skipped
      </div>
                  </div>
                  <div class="step skip-bg">
                    <span>And Validate the correct balance</span>
      <div>Step skipped
      </div>
                  </div>
              </div>
            </div>
        </div>
  </div>
</div>
          </div>
        </li>
        <li class="test-item"  status="fail" test-id="29"
          author=""
          tag=""
          device="">
          <div class="test-detail">
            <p class="name">Validate the functionality of Contact Us</p>
            <p class="text-sm">
              <span>7:36:09 am</span> / <span>00:00:10:190</span>
              <span class="badge fail-bg log float-right">Fail</span>
            </p>
          </div>
          <div class="test-contents d-none">
<div class="detail-head">
<div class="p-v-10">
<div class="info">
<h5 class="test-status text-fail">Validate the functionality of Contact Us</h5>
<span class='badge badge-success'>04.26.2025 7:36:09 am</span>
<span class='badge badge-danger'>04.26.2025 7:36:19 am</span>
<span class='badge badge-default'>00:00:10:190</span>
&middot; <span class='uri-anchor badge badge-default'>#test-id=29</span>
<span class='badge badge-default pointer float-right ml-1 et'><i class="fa fa-chevron-down"></i></span>
<span class='badge badge-default pointer float-right ct'><i class="fa fa-chevron-up"></i></span>
</div>
<div class="m-t-10 m-l-5"></div>
</div>
</div>
<div class="accordion mt-4">
  <div class="card">
    <div class="card-header" role="tab">
      <div class="card-title">
        <div class="node" id="30"><span class="badge log fail-bg mr-2">Fail</span>Validate the contact us form with positive data</div>
      </div>
    </div>
        <div class="scenario_outline ">
            <div class="card-body l1">
              <div class="card-header">
                <div class="card-title outline-child">
                  <div class="node" id="31"><span class="badge log fail-bg mr-2">Fail</span>Validate the contact us form with positive data</div>
                </div>
              </div>
              <div class="card-body mt-3 ">
                  <div class="step pass-bg">
                    <span>Given User launch the application</span>
      <div>
      </div>
                  </div>
                  <div class="step fail-bg">
                    <span>When User clicks on the Contact US link</span>
      <div>
        <textarea disabled class="code-block">java.lang.NullPointerException: Cannot invoke "org.openqa.selenium.SearchContext.findElement(org.openqa.selenium.By)" because "this.searchContext" is null
	at org.openqa.selenium.support.pagefactory.DefaultElementLocator.findElement(DefaultElementLocator.java:68)
	at org.openqa.selenium.support.pagefactory.internal.LocatingElementHandler.invoke(LocatingElementHandler.java:38)
	at jdk.proxy2/jdk.proxy2.$Proxy22.click(Unknown Source)
	at PageObjects.ContactsUsPage.contactUs(ContactsUsPage.java:52)
	at StepDefinition.StepDefinitionClass.user_clicks_on_the_contact_us_link(StepDefinitionClass.java:215)
	at ✽.User clicks on the Contact US link(file:///G:/Automation%20Testing/GroTechMind/RealTime_BankingPoject/src/test/java/FeatureFiles/ContactUs.feature:5)
</textarea>
      
      </div>
                  </div>
                  <div class="step skip-bg">
                    <span>And User enters the name "abc"</span>
      <div>Step skipped
      </div>
                  </div>
                  <div class="step skip-bg">
                    <span>And User enters the email "abc@gmail.com"</span>
      <div>Step skipped
      </div>
                  </div>
                  <div class="step skip-bg">
                    <span>And User enters the Phone Number "9876543210"</span>
      <div>Step skipped
      </div>
                  </div>
                  <div class="step skip-bg">
                    <span>And User enters the Address "Pune"</span>
      <div>Step skipped
      </div>
                  </div>
                  <div class="step skip-bg">
                    <span>And User enters the country "India"</span>
      <div>Step skipped
      </div>
                  </div>
                  <div class="step skip-bg">
                    <span>And User enters the ZipCode "12345"</span>
      <div>Step skipped
      </div>
                  </div>
                  <div class="step skip-bg">
                    <span>And User clicks on the submit button</span>
      <div>Step skipped
      </div>
                  </div>
                  <div class="step skip-bg">
                    <span>Then Validate that user is getting success message after contact us form submission</span>
      <div>Step skipped
      </div>
                  </div>
              </div>
            </div>
        </div>
  </div>
</div>
          </div>
        </li>
        <li class="test-item"  status="fail" test-id="44"
          author=""
          tag=""
          device="">
          <div class="test-detail">
            <p class="name">Validate the Forgot password functionality</p>
            <p class="text-sm">
              <span>7:36:19 am</span> / <span>00:00:09:846</span>
              <span class="badge fail-bg log float-right">Fail</span>
            </p>
          </div>
          <div class="test-contents d-none">
<div class="detail-head">
<div class="p-v-10">
<div class="info">
<h5 class="test-status text-fail">Validate the Forgot password functionality</h5>
<span class='badge badge-success'>04.26.2025 7:36:19 am</span>
<span class='badge badge-danger'>04.26.2025 7:36:29 am</span>
<span class='badge badge-default'>00:00:09:846</span>
&middot; <span class='uri-anchor badge badge-default'>#test-id=44</span>
<span class='badge badge-default pointer float-right ml-1 et'><i class="fa fa-chevron-down"></i></span>
<span class='badge badge-default pointer float-right ct'><i class="fa fa-chevron-up"></i></span>
</div>
<div class="m-t-10 m-l-5"></div>
</div>
</div>
<div class="accordion mt-4">
  <div class="card">
    <div class="card-header" role="tab">
      <div class="card-title">
        <div class="node" id="45"><span class="badge log fail-bg mr-2">Fail</span>Verify the forgot password with valid email id</div>
      </div>
    </div>
        <div class="scenario_outline ">
            <div class="card-body l1">
              <div class="card-header">
                <div class="card-title outline-child">
                  <div class="node" id="46"><span class="badge log fail-bg mr-2">Fail</span>Verify the forgot password with valid email id</div>
                </div>
              </div>
              <div class="card-body mt-3 ">
                  <div class="step pass-bg">
                    <span>Given User launch the application</span>
      <div>
      </div>
                  </div>
                  <div class="step fail-bg">
                    <span>When User clicks on the  Forget Password menu</span>
      <div>
        <textarea disabled class="code-block">java.lang.NullPointerException: Cannot invoke "org.openqa.selenium.SearchContext.findElement(org.openqa.selenium.By)" because "this.searchContext" is null
	at org.openqa.selenium.support.pagefactory.DefaultElementLocator.findElement(DefaultElementLocator.java:68)
	at org.openqa.selenium.support.pagefactory.internal.LocatingElementHandler.invoke(LocatingElementHandler.java:38)
	at jdk.proxy2/jdk.proxy2.$Proxy22.click(Unknown Source)
	at PageObjects.ForgetPage.forgetPwd(ForgetPage.java:36)
	at StepDefinition.StepDefinitionClass.user_clicks_on_the_forget_password_menu(StepDefinitionClass.java:177)
	at ✽.User clicks on the  Forget Password menu(file:///G:/Automation%20Testing/GroTechMind/RealTime_BankingPoject/src/test/java/FeatureFiles/Forgot.feature:5)
</textarea>
      
      </div>
                  </div>
                  <div class="step skip-bg">
                    <span>And User enters the email as "abc@gmail.com"</span>
      <div>Step skipped
      </div>
                  </div>
                  <div class="step skip-bg">
                    <span>And User enters the Mobile number "9876543210"</span>
      <div>Step skipped
      </div>
                  </div>
                  <div class="step skip-bg">
                    <span>And User clicks on the Reset Password button</span>
      <div>Step skipped
      </div>
                  </div>
                  <div class="step skip-bg">
                    <span>Then Validate that user is getting success message after password reset successfully</span>
      <div>Step skipped
      </div>
                  </div>
                  <div class="step skip-bg">
                    <span>And Verify that the title of the page is showing correct value</span>
      <div>Step skipped
      </div>
                  </div>
              </div>
            </div>
        </div>
  </div>
</div>
          </div>
        </li>
        <li class="test-item"  status="fail" test-id="56"
          author=""
          tag=""
          device="">
          <div class="test-detail">
            <p class="name">Validate the login functionalty of application</p>
            <p class="text-sm">
              <span>7:36:29 am</span> / <span>00:00:39:580</span>
              <span class="badge fail-bg log float-right">Fail</span>
            </p>
          </div>
          <div class="test-contents d-none">
<div class="detail-head">
<div class="p-v-10">
<div class="info">
<h5 class="test-status text-fail">Validate the login functionalty of application</h5>
<span class='badge badge-success'>04.26.2025 7:36:29 am</span>
<span class='badge badge-danger'>04.26.2025 7:37:09 am</span>
<span class='badge badge-default'>00:00:39:580</span>
&middot; <span class='uri-anchor badge badge-default'>#test-id=56</span>
<span class='badge badge-default pointer float-right ml-1 et'><i class="fa fa-chevron-down"></i></span>
<span class='badge badge-default pointer float-right ct'><i class="fa fa-chevron-up"></i></span>
</div>
<div class="m-t-10 m-l-5"></div>
</div>
</div>
<div class="accordion mt-4">
  <div class="card">
    <div class="card-header" role="tab">
      <div class="card-title">
        <div class="node" id="57"><span class="badge log fail-bg mr-2">Fail</span>Validate the valid credentials of login functionality</div>
      </div>
    </div>
        <div class="scenario_outline ">
            <div class="card-body l1">
              <div class="card-header">
                <div class="card-title outline-child">
                  <div class="node" id="58"><span class="badge log fail-bg mr-2">Fail</span>Validate the valid credentials of login functionality</div>
                </div>
              </div>
              <div class="card-body mt-3 ">
                  <div class="step pass-bg">
                    <span>Given User launch the application</span>
      <div>
      </div>
                  </div>
                  <div class="step fail-bg">
                    <span>And Click on the Login Button</span>
      <div>
        <textarea disabled class="code-block">java.lang.NullPointerException: Cannot invoke "org.openqa.selenium.SearchContext.findElement(org.openqa.selenium.By)" because "this.searchContext" is null
	at org.openqa.selenium.support.pagefactory.DefaultElementLocator.findElement(DefaultElementLocator.java:68)
	at org.openqa.selenium.support.pagefactory.internal.LocatingElementHandler.invoke(LocatingElementHandler.java:38)
	at jdk.proxy2/jdk.proxy2.$Proxy22.click(Unknown Source)
	at PageObjects.LoginPage.logLink(LoginPage.java:41)
	at StepDefinition.StepDefinitionClass.click_on_the_login_button(StepDefinitionClass.java:129)
	at ✽.Click on the Login Button(file:///G:/Automation%20Testing/GroTechMind/RealTime_BankingPoject/src/test/java/FeatureFiles/Login.feature:5)
</textarea>
      
      </div>
                  </div>
                  <div class="step skip-bg">
                    <span>When User enters the login Username as "Ram"</span>
      <div>Step skipped
      </div>
                  </div>
                  <div class="step skip-bg">
                    <span>And User enters the login  Password as "12345"</span>
      <div>Step skipped
      </div>
                  </div>
                  <div class="step skip-bg">
                    <span>And Click on the login buton</span>
      <div>Step skipped
      </div>
                  </div>
                  <div class="step skip-bg">
                    <span>Then Validate that user is getting success message after login successfully</span>
      <div>Step skipped
      </div>
                  </div>
                  <div class="step skip-bg">
                    <span>And Verify that the title of the page</span>
      <div>Step skipped
      </div>
                  </div>
              </div>
            </div>
            <div class="card-body l1">
              <div class="card-header">
                <div class="card-title outline-child">
                  <div class="node" id="68"><span class="badge log fail-bg mr-2">Fail</span>Validate the valid credentials of login functionality</div>
                </div>
              </div>
              <div class="card-body mt-3 ">
                  <div class="step pass-bg">
                    <span>Given User launch the application</span>
      <div>
      </div>
                  </div>
                  <div class="step fail-bg">
                    <span>And Click on the Login Button</span>
      <div>
        <textarea disabled class="code-block">java.lang.NullPointerException: Cannot invoke "org.openqa.selenium.SearchContext.findElement(org.openqa.selenium.By)" because "this.searchContext" is null
	at org.openqa.selenium.support.pagefactory.DefaultElementLocator.findElement(DefaultElementLocator.java:68)
	at org.openqa.selenium.support.pagefactory.internal.LocatingElementHandler.invoke(LocatingElementHandler.java:38)
	at jdk.proxy2/jdk.proxy2.$Proxy22.click(Unknown Source)
	at PageObjects.LoginPage.logLink(LoginPage.java:41)
	at StepDefinition.StepDefinitionClass.click_on_the_login_button(StepDefinitionClass.java:129)
	at ✽.Click on the Login Button(file:///G:/Automation%20Testing/GroTechMind/RealTime_BankingPoject/src/test/java/FeatureFiles/Login.feature:5)
</textarea>
      
      </div>
                  </div>
                  <div class="step skip-bg">
                    <span>When User enters the login Username as "Sham"</span>
      <div>Step skipped
      </div>
                  </div>
                  <div class="step skip-bg">
                    <span>And User enters the login  Password as "98765"</span>
      <div>Step skipped
      </div>
                  </div>
                  <div class="step skip-bg">
                    <span>And Click on the login buton</span>
      <div>Step skipped
      </div>
                  </div>
                  <div class="step skip-bg">
                    <span>Then Validate that user is getting success message after login successfully</span>
      <div>Step skipped
      </div>
                  </div>
                  <div class="step skip-bg">
                    <span>And Verify that the title of the page</span>
      <div>Step skipped
      </div>
                  </div>
              </div>
            </div>
        </div>
  </div>
  <div class="card">
    <div class="card-header" role="tab">
      <div class="card-title">
        <div class="node" id="78"><span class="badge log fail-bg mr-2">Fail</span>Validate the invalid credentials of login functionality</div>
      </div>
    </div>
        <div class="scenario_outline ">
            <div class="card-body l1">
              <div class="card-header">
                <div class="card-title outline-child">
                  <div class="node" id="79"><span class="badge log fail-bg mr-2">Fail</span>Validate the invalid credentials of login functionality</div>
                </div>
              </div>
              <div class="card-body mt-3 ">
                  <div class="step pass-bg">
                    <span>Given User launch the application</span>
      <div>
      </div>
                  </div>
                  <div class="step fail-bg">
                    <span>And Click on the Login Button</span>
      <div>
        <textarea disabled class="code-block">java.lang.NullPointerException: Cannot invoke "org.openqa.selenium.SearchContext.findElement(org.openqa.selenium.By)" because "this.searchContext" is null
	at org.openqa.selenium.support.pagefactory.DefaultElementLocator.findElement(DefaultElementLocator.java:68)
	at org.openqa.selenium.support.pagefactory.internal.LocatingElementHandler.invoke(LocatingElementHandler.java:38)
	at jdk.proxy2/jdk.proxy2.$Proxy22.click(Unknown Source)
	at PageObjects.LoginPage.logLink(LoginPage.java:41)
	at StepDefinition.StepDefinitionClass.click_on_the_login_button(StepDefinitionClass.java:129)
	at ✽.Click on the Login Button(file:///G:/Automation%20Testing/GroTechMind/RealTime_BankingPoject/src/test/java/FeatureFiles/Login.feature:5)
</textarea>
      
      </div>
                  </div>
                  <div class="step skip-bg">
                    <span>When User enters the login Username as ""</span>
      <div>Step skipped
      </div>
                  </div>
                  <div class="step skip-bg">
                    <span>And User enters the login  Password as ""</span>
      <div>Step skipped
      </div>
                  </div>
                  <div class="step skip-bg">
                    <span>And Click on the login buton</span>
      <div>Step skipped
      </div>
                  </div>
                  <div class="step skip-bg">
                    <span>Then Validate that user is getting error message</span>
      <div>Step skipped
      </div>
                  </div>
              </div>
            </div>
        </div>
  </div>
</div>
          </div>
        </li>
        <li class="test-item"  status="fail" test-id="88"
          author=""
          tag=""
          device="">
          <div class="test-detail">
            <p class="name">Validate the sign up functionatlity of application</p>
            <p class="text-sm">
              <span>7:37:09 am</span> / <span>00:00:21:578</span>
              <span class="badge fail-bg log float-right">Fail</span>
            </p>
          </div>
          <div class="test-contents d-none">
<div class="detail-head">
<div class="p-v-10">
<div class="info">
<h5 class="test-status text-fail">Validate the sign up functionatlity of application</h5>
<span class='badge badge-success'>04.26.2025 7:37:09 am</span>
<span class='badge badge-danger'>04.26.2025 7:37:31 am</span>
<span class='badge badge-default'>00:00:21:578</span>
&middot; <span class='uri-anchor badge badge-default'>#test-id=88</span>
<span class='badge badge-default pointer float-right ml-1 et'><i class="fa fa-chevron-down"></i></span>
<span class='badge badge-default pointer float-right ct'><i class="fa fa-chevron-up"></i></span>
</div>
<div class="m-t-10 m-l-5"></div>
</div>
</div>
<div class="accordion mt-4">
  <div class="card">
    <div class="card-header" role="tab">
      <div class="card-title">
        <div class="node" id="89"><span class="badge log fail-bg mr-2">Fail</span>Validate the positive scenario of user registration</div>
      </div>
    </div>
        <div class="scenario_outline ">
            <div class="card-body l1">
              <div class="card-header">
                <div class="card-title outline-child">
                  <div class="node" id="90"><span class="badge log fail-bg mr-2">Fail</span>Validate the positive scenario of user registration</div>
                </div>
              </div>
              <div class="card-body mt-3 ">
                  <div class="step pass-bg">
                    <span>Given User launch the application</span>
      <div>
      </div>
                  </div>
                  <div class="step fail-bg">
                    <span>When User click on the sign up button</span>
      <div>
        <textarea disabled class="code-block">java.lang.NullPointerException: Cannot invoke "org.openqa.selenium.SearchContext.findElement(org.openqa.selenium.By)" because "this.searchContext" is null
	at org.openqa.selenium.support.pagefactory.DefaultElementLocator.findElement(DefaultElementLocator.java:68)
	at org.openqa.selenium.support.pagefactory.internal.LocatingElementHandler.invoke(LocatingElementHandler.java:38)
	at jdk.proxy2/jdk.proxy2.$Proxy22.click(Unknown Source)
	at PageObjects.SignUpPage.registration(SignUpPage.java:59)
	at StepDefinition.StepDefinitionClass.user_click_on_the_sign_up_button(StepDefinitionClass.java:48)
	at ✽.User click on the sign up button(file:///G:/Automation%20Testing/GroTechMind/RealTime_BankingPoject/src/test/java/FeatureFiles/SignUp.feature:5)
</textarea>
      
      </div>
                  </div>
                  <div class="step skip-bg">
                    <span>And User enters the First name as "Ram"</span>
      <div>Step skipped
      </div>
                  </div>
                  <div class="step skip-bg">
                    <span>And User enters the Last name as "Mahajan"</span>
      <div>Step skipped
      </div>
                  </div>
                  <div class="step skip-bg">
                    <span>And User enters the Phone as "9876543210"</span>
      <div>Step skipped
      </div>
                  </div>
                  <div class="step skip-bg">
                    <span>And User enters the DOB as "09/09/1999"</span>
      <div>Step skipped
      </div>
                  </div>
                  <div class="step skip-bg">
                    <span>And User selects the gender</span>
      <div>Step skipped
      </div>
                  </div>
                  <div class="step skip-bg">
                    <span>And User enters the city as "Pune"</span>
      <div>Step skipped
      </div>
                  </div>
                  <div class="step skip-bg">
                    <span>And User enters the User name as "Ram"</span>
      <div>Step skipped
      </div>
                  </div>
                  <div class="step skip-bg">
                    <span>And User enters the Password as "12345"</span>
      <div>Step skipped
      </div>
                  </div>
                  <div class="step skip-bg">
                    <span>And User click on the Sign up button</span>
      <div>Step skipped
      </div>
                  </div>
                  <div class="step skip-bg">
                    <span>Then Validate that user is getting success message from application</span>
      <div>Step skipped
      </div>
                  </div>
                  <div class="step skip-bg">
                    <span>And Verify that the title of the page is showing correct value</span>
      <div>Step skipped
      </div>
                  </div>
              </div>
            </div>
        </div>
  </div>
</div>
          </div>
        </li>
      </ul>
    </div>
  </div>
<div class="test-content scrollable">
<div class="test-content-tools">
<ul><li><a class="back-to-test" href="#"><i class="fa fa-arrow-left"></i></a></li></ul>
</div>
<div class="test-content-detail"><div class="detail-body"></div></div>
</div></div>
<div class="test-wrapper row view exception-view attributes-view">
<div class="test-list">
<div class="test-list-tools">
<ul class="tools pull-left"><li><a href=""><span class="font-size-14">Exception</span></a></li></ul>
<ul class="tools text-right"><li><a href="#"><span class="badge badge-primary">1</span></a></li></ul>
</div>
<div class="test-list-wrapper scrollable">
<ul class="test-list-item">
<li class="test-item">
<div class="test-detail">
<span class="meta">
<span class='badge log badge-danger'>8</span>
</span>
<p class="name">java.lang.NullPointerException</p>
<p class="duration text-sm">8 tests</p>
</div>
<div class="test-contents d-none">
<div class="info">
<h4>java.lang.NullPointerException</h4>
<span status="fail" class='badge log badge-danger'>8 failed</span>
</div>
<table class='table table-sm mt-4'>
<thead>
<tr>
<th class="status-col">Status</th>
<th class="timestamp-col">Timestamp</th>
<th>TestName</th>
</tr>
</thead>
<tbody>
<tr class="tag-test-status" status="fail">
<td><span class="badge log fail-bg">Fail</span></td>
<td>07:35:56 am</td>
<td>
<a href="#" class="linked" test-id='1' id='5'>And User clicks on the Account details link</a>
<div class="">
<span class="badge badge-default">Validate the Account details functionality.Validate the deposit functionality of account details.And User clicks on the Account details link</span>
</div>
</td>
</tr>
<tr class="tag-test-status" status="fail">
<td><span class="badge log fail-bg">Fail</span></td>
<td>07:36:06 am</td>
<td>
<a href="#" class="linked" test-id='1' id='19'>And User clicks on the Account details link</a>
<div class="">
<span class="badge badge-default">Validate the Account details functionality.Validate the withdrawl functionality of account details.And User clicks on the Account details link</span>
</div>
</td>
</tr>
<tr class="tag-test-status" status="fail">
<td><span class="badge log fail-bg">Fail</span></td>
<td>07:36:18 am</td>
<td>
<a href="#" class="linked" test-id='29' id='34'>When User clicks on the Contact US link</a>
<div class="">
<span class="badge badge-default">Validate the functionality of Contact Us.Validate the contact us form with positive data.When User clicks on the Contact US link</span>
</div>
</td>
</tr>
<tr class="tag-test-status" status="fail">
<td><span class="badge log fail-bg">Fail</span></td>
<td>07:36:28 am</td>
<td>
<a href="#" class="linked" test-id='44' id='49'>When User clicks on the Forget Password menu</a>
<div class="">
<span class="badge badge-default">Validate the Forgot password functionality.Verify the forgot password with valid email id.When User clicks on the Forget Password menu</span>
</div>
</td>
</tr>
<tr class="tag-test-status" status="fail">
<td><span class="badge log fail-bg">Fail</span></td>
<td>07:36:38 am</td>
<td>
<a href="#" class="linked" test-id='56' id='61'>And Click on the Login Button</a>
<div class="">
<span class="badge badge-default">Validate the login functionalty of application.Validate the valid credentials of login functionality.And Click on the Login Button</span>
</div>
</td>
</tr>
<tr class="tag-test-status" status="fail">
<td><span class="badge log fail-bg">Fail</span></td>
<td>07:36:53 am</td>
<td>
<a href="#" class="linked" test-id='56' id='71'>And Click on the Login Button</a>
<div class="">
<span class="badge badge-default">Validate the login functionalty of application.Validate the valid credentials of login functionality.And Click on the Login Button</span>
</div>
</td>
</tr>
<tr class="tag-test-status" status="fail">
<td><span class="badge log fail-bg">Fail</span></td>
<td>07:37:07 am</td>
<td>
<a href="#" class="linked" test-id='56' id='82'>And Click on the Login Button</a>
<div class="">
<span class="badge badge-default">Validate the login functionalty of application.Validate the invalid credentials of login functionality.And Click on the Login Button</span>
</div>
</td>
</tr>
<tr class="tag-test-status" status="fail">
<td><span class="badge log fail-bg">Fail</span></td>
<td>07:37:29 am</td>
<td>
<a href="#" class="linked" test-id='88' id='93'>When User click on the sign up button</a>
<div class="">
<span class="badge badge-default">Validate the sign up functionatlity of application.Validate the positive scenario of user registration.When User click on the sign up button</span>
</div>
</td>
</tr>
</tbody>
</table>
</div>
</li>
</ul>
</div>
</div>
<div class="test-content scrollable">
<div class="test-content-detail">
<div class="detail-body"></div>
</div>
</div>
</div><div class="container-fluid p-4 view dashboard-view">
<div class="row">
<div class="col-md-3">
<div class="card"><div class="card-body">
<p class="m-b-0">Started</p>
<h3>Apr 26, 2025 07:35:35 am</h3>
</div></div>
</div>
<div class="col-md-3">
<div class="card"><div class="card-body">
<p class="m-b-0">Ended</p>
<h3>Apr 26, 2025 07:37:31 am</h3>
</div></div>
</div>
<div class="col-md-3">
<div class="card"><div class="card-body">
<p class="m-b-0 text-pass">Features Passed</p>
<h3>0</h3>
</div></div>
</div>
<div class="col-md-3">
<div class="card"><div class="card-body">
<p class="m-b-0 text-fail">Features Failed</p>
<h3>5</h3>
</div></div>
</div>
</div>
<div class="row">
<div class="col-md-4">
<div class="card">
<div class="card-header">
<h6 class="card-title">Features</h6>
</div>
<div class="card-body">
<div class="">
<canvas id='parent-analysis' width='115' height='90'></canvas>
</div>
</div>
<div class="card-footer">
<div><small data-tooltip='0%'>
<b>0</b> features passed
</small>
</div>
<div>
<small data-tooltip='100%'><b>5</b> features failed,
<b>0</b> skipped, <b data-tooltip='0%'>0</b> others
</small>
</div>
</div>
</div>
</div>
<div class="col-md-4">
<div class="card">
<div class="card-header">
<h6 class="card-title">Scenarios</h6>
</div>
<div class="card-body">
<div class="">
<canvas id='child-analysis' width='115' height='90'></canvas>
</div>
</div>
<div class="card-footer">
<div><small data-tooltip='0%'><b>0</b> scenarios passed</small></div>
<div>
<small data-tooltip='100%'><b>8</b> scenarios failed,
<b>0</b> skipped, <b data-tooltip='%'>0</b> others
</small>
</div>
</div>
</div>
</div>
<div class="col-md-4">
<div class="card">
<div class="card-header">
<h6 class="card-title">Steps</h6>
</div>
<div class="card-body">
<div class="">
<canvas id='grandchild-analysis' width='115' height='90'></canvas>
</div>
</div>
<div class="card-footer">
<div><small data-tooltip='11%'><b>8</b> steps passed</small></div>
<div>
<small data-tooltip='11%'><b>8</b> steps failed,
<b>54</b> skipped, <b data-tooltip='%'>0</b> others
</small>
</div>
</div>
</div>
</div>
</div>
<div class="row"><div class="col-md-12">
<div class="card"><div class="card-header"><p>Timeline</p></div>
<div class="card-body pt-0"><div>
<canvas id="timeline" height="120"></canvas>
</div></div>
</div>
</div></div>
<script>
var timeline = {
"Validate the Account details functionality":28.935,"Validate the functionality of Contact Us":10.19,"Validate the Forgot password functionality":9.846,"Validate the login functionalty of application":39.58,"Validate the sign up functionatlity of application":21.578
};
</script>
<div class="row">
</div>
</div>
<script>
var statusGroup = {
parentCount: 5,
passParent: 0,
failParent: 5,
warningParent: 0,
skipParent: 0,
childCount: 5,
passChild: 0,
failChild: 8,
warningChild: 0,
skipChild: 0,
infoChild: 0,
grandChildCount: 5,
passGrandChild: 8,
failGrandChild: 8,
warningGrandChild: 0,
skipGrandChild: 54,
infoGrandChild: 0,
eventsCount: 5,
};
</script>        </div>
      </div>
    </div>
  </div>
<script src="https://cdn.jsdelivr.net/gh/extent-framework/extent-github-cdn@d6562a79075e061305ccfdb82f01e5e195e2d307/spark/js/spark-script.js"></script>
<script type="text/javascript"></script></body>
</html>